[LOG] System::create                           : Header version = 2.02.28. Current version = 2.02.28.
[LOG] Manager::init                            : maxchannels = 256 studioflags = 00000006 flags 00000000 extradriverdata 0000000000000000.
[LOG] SystemI::init                            : Initialize version=20228 (150745), maxchannels=256, flags=0x00020000
[LOG] SystemI::setOutputInternal               : Setting output to 'FMOD WASAPI Output'
[LOG] OutputWASAPI::init                       : Mix Format (WAVEFORMATEX): wFormatTag=0xFFFE, nChannels=2, nSamplesPerSec=48000, nAvgBytesPerSec=384000, nBlockAlign=8, wBitsPerSample=32, cbSize=22.
[LOG] OutputWASAPI::init                       : Mix Format (WAVEFORMATEXTENSIBLE): wValidBitsPerSample=32, dwChannelMask=0x00000003, SubFormat=00000003-0000-0010-8000-00AA00389B71.
[LOG] OutputWASAPI::init                       : Output buffer size: 4096 samples, latency: 0.00ms, period: 10.00ms, DSP buffer: 1024 * 4
[LOG] Thread::initThread                       : Init FMOD stream thread. Affinity: 0x4000000000000003, Priority: 0xFFFF7FFB, Stack Size: 98304, Semaphore: No, Sleep Time: 10, Looping: Yes.
[LOG] Thread::initThread                       : Init FMOD mixer thread. Affinity: 0x4000000000000001, Priority: 0xFFFF7FFA, Stack Size: 81920, Semaphore: No, Sleep Time: 0, Looping: Yes.
[LOG] AsyncManager::init                       : manager 00000262A82323A8 isAsync 0 updatePeriod 0.02
[LOG] AsyncManager::init                       : done
[LOG] PlaybackSystem::init                     : 
[LOG] Thread::initThread                       : Init FMOD Studio sample load thread. Affinity: 0x4000000000000003, Priority: 0xFFFF7FFD, Stack Size: 98304, Semaphore: No, Sleep Time: 1, Looping: No.
[LOG] PlaybackSystem::init                     : done
[LOG] Thread::initThread                       : Init FMOD Studio bank load thread. Affinity: 0x4000000000000003, Priority: 0xFFFF7FFD, Stack Size: 98304, Semaphore: No, Sleep Time: 1, Looping: No.
[LOG] Manager::init                            : done.
[LOG] Manager::readBank                        : fileversion = 142, compatVersion = 140 (oldest = 44, newest = 142)
[LOG] Manager::readBank                        : fileversion = 142, compatVersion = 140 (oldest = 44, newest = 142)
[LOG] Manager::readBank                        : fileversion = 142, compatVersion = 140 (oldest = 44, newest = 142)
[LOG] Manager::readBank                        : fileversion = 142, compatVersion = 140 (oldest = 44, newest = 142)
[LOG] Manager::readBank                        : fileversion = 142, compatVersion = 140 (oldest = 44, newest = 142)
[LOG] Manager::readBank                        : fileversion = 142, compatVersion = 140 (oldest = 44, newest = 142)
[LOG] PlaybackSystem::acquireMasterBus         : Setting master channel group format to 6
[LOG] Manager::readBank                        : fileversion = 142, compatVersion = 140 (oldest = 44, newest = 142)
[LOG] Manager::readBank                        : fileversion = 142, compatVersion = 140 (oldest = 44, newest = 142)
[LOG] Manager::readBank                        : fileversion = 142, compatVersion = 140 (oldest = 44, newest = 142)
[LOG] Manager::readBank                        : fileversion = 142, compatVersion = 140 (oldest = 44, newest = 142)
[LOG] PlaybackSystem::acquireMasterBus         : Setting master channel group format to 6
[LOG] Manager::readBank                        : fileversion = 142, compatVersion = 140 (oldest = 44, newest = 142)
[LOG] SystemI::createSoundInternal             : Create name='', mode=0x02000202
[LOG] SystemI::createSoundInternal             : exinfo->cbsize             = 224
[LOG] SystemI::createSoundInternal             : exinfo->length             = 5328160
[LOG] SystemI::createSoundInternal             : exinfo->fileoffset         = 77760
[LOG] SystemI::createSoundInternal             : exinfo->numsubsounds       = 1
[LOG] SystemI::createSoundInternal             : exinfo->inclusionlist      = 000000DD2E78ED18
[LOG] SystemI::createSoundInternal             : exinfo->inclusionlistnum   = 1
[LOG] SystemI::createSoundInternal             : exinfo->suggestedsoundtype = 5
[LOG] SystemI::createSoundInternal             : exinfo->useropen           = 00007FFE4AAE5B90
[LOG] SystemI::createSoundInternal             : exinfo->userclose          = 00007FFE4AAE5B50
[LOG] SystemI::createSoundInternal             : exinfo->userread           = 00007FFE4AAE5C70
[LOG] SystemI::createSoundInternal             : exinfo->userseek           = 00007FFE4AAE5D30
[LOG] SystemI::createSoundInternal             : exinfo->fileuserdata       = 000002621E97A078
[LOG] SystemI::createSoundInternal             : exinfo->initialseekpostype = 1
[LOG] SystemI::DSPCodecPoolRegister            : register codec pool for pool type 5
[LOG] SystemI::createSoundInternal             : Sample 0/1: name='Enemy_cavalry_Attack_02', format=5, channels=1, frequency=48000, lengthbytes=8224, lengthpcm=57713, pcmblocksize=0, loopstart=0, loopend=0, mode=0x00000000, channelmask=0x00000000, channelorder=0, peakvolume=0.128113.
[LOG] SystemI::createSoundInternal             : Create name='', mode=0x02000202
[LOG] SystemI::createSoundInternal             : exinfo->cbsize             = 224
[LOG] SystemI::createSoundInternal             : exinfo->length             = 5328160
[LOG] SystemI::createSoundInternal             : exinfo->fileoffset         = 77760
[LOG] SystemI::createSoundInternal             : exinfo->numsubsounds       = 1
[LOG] SystemI::createSoundInternal             : exinfo->inclusionlist      = 000000DD2E78ED18
[LOG] SystemI::createSoundInternal             : exinfo->inclusionlistnum   = 1
[LOG] SystemI::createSoundInternal             : exinfo->suggestedsoundtype = 5
[LOG] SystemI::createSoundInternal             : exinfo->useropen           = 00007FFE4AAE5B90
[LOG] SystemI::createSoundInternal             : exinfo->userclose          = 00007FFE4AAE5B50
[LOG] SystemI::createSoundInternal             : exinfo->userread           = 00007FFE4AAE5C70
[LOG] SystemI::createSoundInternal             : exinfo->userseek           = 00007FFE4AAE5D30
[LOG] SystemI::createSoundInternal             : exinfo->fileuserdata       = 000002621E97A078
[LOG] SystemI::createSoundInternal             : exinfo->initialseekpostype = 1
[LOG] SystemI::DSPCodecPoolRegister            : register codec pool for pool type 5
[LOG] SystemI::createSoundInternal             : Sample 0/1: name='Enemy_cavalry_Attack_01', format=5, channels=1, frequency=48000, lengthbytes=8128, lengthpcm=57713, pcmblocksize=0, loopstart=0, loopend=0, mode=0x00000000, channelmask=0x00000000, channelorder=0, peakvolume=0.153168.
[LOG] SystemI::createSoundInternal             : Create name='', mode=0x02000202
[LOG] SystemI::createSoundInternal             : exinfo->cbsize             = 224
[LOG] SystemI::createSoundInternal             : exinfo->length             = 5328160
[LOG] SystemI::createSoundInternal             : exinfo->fileoffset         = 77760
[LOG] SystemI::createSoundInternal             : exinfo->numsubsounds       = 1
[LOG] SystemI::createSoundInternal             : exinfo->inclusionlist      = 000000DD2E78ED18
[LOG] SystemI::createSoundInternal             : exinfo->inclusionlistnum   = 1
[LOG] SystemI::createSoundInternal             : exinfo->suggestedsoundtype = 5
[LOG] SystemI::createSoundInternal             : exinfo->useropen           = 00007FFE4AAE5B90
[LOG] SystemI::createSoundInternal             : exinfo->userclose          = 00007FFE4AAE5B50
[LOG] SystemI::createSoundInternal             : exinfo->userread           = 00007FFE4AAE5C70
[LOG] SystemI::createSoundInternal             : exinfo->userseek           = 00007FFE4AAE5D30
[LOG] SystemI::createSoundInternal             : exinfo->fileuserdata       = 000002621E97A078
[LOG] SystemI::createSoundInternal             : exinfo->initialseekpostype = 1
[LOG] SystemI::DSPCodecPoolRegister            : register codec pool for pool type 5
[LOG] SystemI::createSoundInternal             : Sample 0/1: name='Enemy_cavalry_Attack_03', format=5, channels=1, frequency=48000, lengthbytes=8448, lengthpcm=57978, pcmblocksize=0, loopstart=0, loopend=0, mode=0x00000000, channelmask=0x00000000, channelorder=0, peakvolume=0.149628.
[LOG] SystemI::createSoundInternal             : Create name='', mode=0x02000202
[LOG] SystemI::createSoundInternal             : exinfo->cbsize             = 224
[LOG] SystemI::createSoundInternal             : exinfo->length             = 5328160
[LOG] SystemI::createSoundInternal             : exinfo->fileoffset         = 77760
[LOG] SystemI::createSoundInternal             : exinfo->numsubsounds       = 1
[LOG] SystemI::createSoundInternal             : exinfo->inclusionlist      = 000000DD2E78ED18
[LOG] SystemI::createSoundInternal             : exinfo->inclusionlistnum   = 1
[LOG] SystemI::createSoundInternal             : exinfo->suggestedsoundtype = 5
[LOG] SystemI::createSoundInternal             : exinfo->useropen           = 00007FFE4AAE5B90
[LOG] SystemI::createSoundInternal             : exinfo->userclose          = 00007FFE4AAE5B50
[LOG] SystemI::createSoundInternal             : exinfo->userread           = 00007FFE4AAE5C70
[LOG] SystemI::createSoundInternal             : exinfo->userseek           = 00007FFE4AAE5D30
[LOG] SystemI::createSoundInternal             : exinfo->fileuserdata       = 000002621E97A078
[LOG] SystemI::createSoundInternal             : exinfo->initialseekpostype = 1
[LOG] SystemI::DSPCodecPoolRegister            : register codec pool for pool type 5
[LOG] SystemI::createSoundInternal             : Sample 0/1: name='Bow_Attack_2', format=5, channels=2, frequency=48000, lengthbytes=6400, lengthpcm=22963, pcmblocksize=0, loopstart=0, loopend=0, mode=0x00000000, channelmask=0x00000000, channelorder=0, peakvolume=0.536725.
[LOG] SystemI::createSoundInternal             : Create name='', mode=0x02000202
[LOG] SystemI::createSoundInternal             : exinfo->cbsize             = 224
[LOG] SystemI::createSoundInternal             : exinfo->length             = 5328160
[LOG] SystemI::createSoundInternal             : exinfo->fileoffset         = 77760
[LOG] SystemI::createSoundInternal             : exinfo->numsubsounds       = 1
[LOG] SystemI::createSoundInternal             : exinfo->inclusionlist      = 000000DD2E78ED18
[LOG] SystemI::createSoundInternal             : exinfo->inclusionlistnum   = 1
[LOG] SystemI::createSoundInternal             : exinfo->suggestedsoundtype = 5
[LOG] SystemI::createSoundInternal             : exinfo->useropen           = 00007FFE4AAE5B90
[LOG] SystemI::createSoundInternal             : exinfo->userclose          = 00007FFE4AAE5B50
[LOG] SystemI::createSoundInternal             : exinfo->userread           = 00007FFE4AAE5C70
[LOG] SystemI::createSoundInternal             : exinfo->userseek           = 00007FFE4AAE5D30
[LOG] SystemI::createSoundInternal             : exinfo->fileuserdata       = 000002621E97A078
[LOG] SystemI::createSoundInternal             : exinfo->initialseekpostype = 1
[LOG] SystemI::DSPCodecPoolRegister            : register codec pool for pool type 5
[LOG] SystemI::createSoundInternal             : Sample 0/1: name='Bow_Attack_5', format=5, channels=2, frequency=48000, lengthbytes=6144, lengthpcm=21210, pcmblocksize=0, loopstart=0, loopend=0, mode=0x00000000, channelmask=0x00000000, channelorder=0, peakvolume=0.634516.
[LOG] SystemI::createSoundInternal             : Create name='', mode=0x02000202
[LOG] SystemI::createSoundInternal             : exinfo->cbsize             = 224
[LOG] SystemI::createSoundInternal             : exinfo->length             = 5328160
[LOG] SystemI::createSoundInternal             : exinfo->fileoffset         = 77760
[LOG] SystemI::createSoundInternal             : exinfo->numsubsounds       = 1
[LOG] SystemI::createSoundInternal             : exinfo->inclusionlist      = 000000DD2E78ED18
[LOG] SystemI::createSoundInternal             : exinfo->inclusionlistnum   = 1
[LOG] SystemI::createSoundInternal             : exinfo->suggestedsoundtype = 5
[LOG] SystemI::createSoundInternal             : exinfo->useropen           = 00007FFE4AAE5B90
[LOG] SystemI::createSoundInternal             : exinfo->userclose          = 00007FFE4AAE5B50
[LOG] SystemI::createSoundInternal             : exinfo->userread           = 00007FFE4AAE5C70
[LOG] SystemI::createSoundInternal             : exinfo->userseek           = 00007FFE4AAE5D30
[LOG] SystemI::createSoundInternal             : exinfo->fileuserdata       = 000002621E97A078
[LOG] SystemI::createSoundInternal             : exinfo->initialseekpostype = 1
[LOG] SystemI::DSPCodecPoolRegister            : register codec pool for pool type 5
[LOG] SystemI::createSoundInternal             : Sample 0/1: name='Bow_Attack_3', format=5, channels=2, frequency=48000, lengthbytes=4640, lengthpcm=19382, pcmblocksize=0, loopstart=0, loopend=0, mode=0x00000000, channelmask=0x00000000, channelorder=0, peakvolume=0.601915.
[LOG] SystemI::createSoundInternal             : Create name='', mode=0x02000202
[LOG] SystemI::createSoundInternal             : exinfo->cbsize             = 224
[LOG] SystemI::createSoundInternal             : exinfo->length             = 5328160
[LOG] SystemI::createSoundInternal             : exinfo->fileoffset         = 77760
[LOG] SystemI::createSoundInternal             : exinfo->numsubsounds       = 1
[LOG] SystemI::createSoundInternal             : exinfo->inclusionlist      = 000000DD2E78ED18
[LOG] SystemI::createSoundInternal             : exinfo->inclusionlistnum   = 1
[LOG] SystemI::createSoundInternal             : exinfo->suggestedsoundtype = 5
[LOG] SystemI::createSoundInternal             : exinfo->useropen           = 00007FFE4AAE5B90
[LOG] SystemI::createSoundInternal             : exinfo->userclose          = 00007FFE4AAE5B50
[LOG] SystemI::createSoundInternal             : exinfo->userread           = 00007FFE4AAE5C70
[LOG] SystemI::createSoundInternal             : exinfo->userseek           = 00007FFE4AAE5D30
[LOG] SystemI::createSoundInternal             : exinfo->fileuserdata       = 000002621E97A078
[LOG] SystemI::createSoundInternal             : exinfo->initialseekpostype = 1
[LOG] SystemI::DSPCodecPoolRegister            : register codec pool for pool type 5
[LOG] SystemI::createSoundInternal             : Sample 0/1: name='Bow_Attack_6', format=5, channels=2, frequency=48000, lengthbytes=3296, lengthpcm=17634, pcmblocksize=0, loopstart=0, loopend=0, mode=0x00000000, channelmask=0x00000000, channelorder=0, peakvolume=0.644799.
[LOG] SystemI::createSoundInternal             : Create name='', mode=0x02000202
[LOG] SystemI::createSoundInternal             : exinfo->cbsize             = 224
[LOG] SystemI::createSoundInternal             : exinfo->length             = 5328160
[LOG] SystemI::createSoundInternal             : exinfo->fileoffset         = 77760
[LOG] SystemI::createSoundInternal             : exinfo->numsubsounds       = 1
[LOG] SystemI::createSoundInternal             : exinfo->inclusionlist      = 000000DD2E78ED18
[LOG] SystemI::createSoundInternal             : exinfo->inclusionlistnum   = 1
[LOG] SystemI::createSoundInternal             : exinfo->suggestedsoundtype = 5
[LOG] SystemI::createSoundInternal             : exinfo->useropen           = 00007FFE4AAE5B90
[LOG] SystemI::createSoundInternal             : exinfo->userclose          = 00007FFE4AAE5B50
[LOG] SystemI::createSoundInternal             : exinfo->userread           = 00007FFE4AAE5C70
[LOG] SystemI::createSoundInternal             : exinfo->userseek           = 00007FFE4AAE5D30
[LOG] SystemI::createSoundInternal             : exinfo->fileuserdata       = 000002621E97A078
[LOG] SystemI::createSoundInternal             : exinfo->initialseekpostype = 1
[LOG] SystemI::DSPCodecPoolRegister            : register codec pool for pool type 5
[LOG] SystemI::createSoundInternal             : Sample 0/1: name='Bow_Attack_1', format=5, channels=2, frequency=48000, lengthbytes=6368, lengthpcm=21548, pcmblocksize=0, loopstart=0, loopend=0, mode=0x00000000, channelmask=0x00000000, channelorder=0, peakvolume=0.611139.
[LOG] SystemI::createSoundInternal             : Create name='', mode=0x02000202
[LOG] SystemI::createSoundInternal             : exinfo->cbsize             = 224
[LOG] SystemI::createSoundInternal             : exinfo->length             = 5328160
[LOG] SystemI::createSoundInternal             : exinfo->fileoffset         = 77760
[LOG] SystemI::createSoundInternal             : exinfo->numsubsounds       = 1
[LOG] SystemI::createSoundInternal             : exinfo->inclusionlist      = 000000DD2E78ED18
[LOG] SystemI::createSoundInternal             : exinfo->inclusionlistnum   = 1
[LOG] SystemI::createSoundInternal             : exinfo->suggestedsoundtype = 5
[LOG] SystemI::createSoundInternal             : exinfo->useropen           = 00007FFE4AAE5B90
[LOG] SystemI::createSoundInternal             : exinfo->userclose          = 00007FFE4AAE5B50
[LOG] SystemI::createSoundInternal             : exinfo->userread           = 00007FFE4AAE5C70
[LOG] SystemI::createSoundInternal             : exinfo->userseek           = 00007FFE4AAE5D30
[LOG] SystemI::createSoundInternal             : exinfo->fileuserdata       = 000002621E97A078
[LOG] SystemI::createSoundInternal             : exinfo->initialseekpostype = 1
[LOG] SystemI::DSPCodecPoolRegister            : register codec pool for pool type 5
[LOG] SystemI::createSoundInternal             : Sample 0/1: name='Bow_Attack_4', format=5, channels=2, frequency=48000, lengthbytes=4864, lengthpcm=16128, pcmblocksize=0, loopstart=0, loopend=0, mode=0x00000000, channelmask=0x00000000, channelorder=0, peakvolume=0.561048.
[LOG] SystemI::createSoundInternal             : Create name='', mode=0x02000202
[LOG] SystemI::createSoundInternal             : exinfo->cbsize             = 224
[LOG] SystemI::createSoundInternal             : exinfo->length             = 5328160
[LOG] SystemI::createSoundInternal             : exinfo->fileoffset         = 77760
[LOG] SystemI::createSoundInternal             : exinfo->numsubsounds       = 1
[LOG] SystemI::createSoundInternal             : exinfo->inclusionlist      = 000000DD2E78ED18
[LOG] SystemI::createSoundInternal             : exinfo->inclusionlistnum   = 1
[LOG] SystemI::createSoundInternal             : exinfo->suggestedsoundtype = 5
[LOG] SystemI::createSoundInternal             : exinfo->useropen           = 00007FFE4AAE5B90
[LOG] SystemI::createSoundInternal             : exinfo->userclose          = 00007FFE4AAE5B50
[LOG] SystemI::createSoundInternal             : exinfo->userread           = 00007FFE4AAE5C70
[LOG] SystemI::createSoundInternal             : exinfo->userseek           = 00007FFE4AAE5D30
[LOG] SystemI::createSoundInternal             : exinfo->fileuserdata       = 000002621E97A078
[LOG] SystemI::createSoundInternal             : exinfo->initialseekpostype = 1
[LOG] SystemI::DSPCodecPoolRegister            : register codec pool for pool type 5
[LOG] SystemI::createSoundInternal             : Sample 0/1: name='Raider_death_Male_05', format=5, channels=2, frequency=48000, lengthbytes=6272, lengthpcm=30545, pcmblocksize=0, loopstart=0, loopend=0, mode=0x00000000, channelmask=0x00000000, channelorder=0, peakvolume=0.422536.
[LOG] SystemI::createSoundInternal             : Create name='', mode=0x02000202
[LOG] SystemI::createSoundInternal             : exinfo->cbsize             = 224
[LOG] SystemI::createSoundInternal             : exinfo->length             = 5328160
[LOG] SystemI::createSoundInternal             : exinfo->fileoffset         = 77760
[LOG] SystemI::createSoundInternal             : exinfo->numsubsounds       = 1
[LOG] SystemI::createSoundInternal             : exinfo->inclusionlist      = 000000DD2E78ED18
[LOG] SystemI::createSoundInternal             : exinfo->inclusionlistnum   = 1
[LOG] SystemI::createSoundInternal             : exinfo->suggestedsoundtype = 5
[LOG] SystemI::createSoundInternal             : exinfo->useropen           = 00007FFE4AAE5B90
[LOG] SystemI::createSoundInternal             : exinfo->userclose          = 00007FFE4AAE5B50
[LOG] SystemI::createSoundInternal             : exinfo->userread           = 00007FFE4AAE5C70
[LOG] SystemI::createSoundInternal             : exinfo->userseek           = 00007FFE4AAE5D30
[LOG] SystemI::createSoundInternal             : exinfo->fileuserdata       = 000002621E97A078
[LOG] SystemI::createSoundInternal             : exinfo->initialseekpostype = 1
[LOG] SystemI::DSPCodecPoolRegister            : register codec pool for pool type 5
[LOG] SystemI::createSoundInternal             : Sample 0/1: name='Raider_death_Male_03', format=5, channels=2, frequency=48000, lengthbytes=7168, lengthpcm=34775, pcmblocksize=0, loopstart=0, loopend=0, mode=0x00000000, channelmask=0x00000000, channelorder=0, peakvolume=0.744033.
[LOG] SystemI::createSoundInternal             : Create name='', mode=0x02000202
[LOG] SystemI::createSoundInternal             : exinfo->cbsize             = 224
[LOG] SystemI::createSoundInternal             : exinfo->length             = 5328160
[LOG] SystemI::createSoundInternal             : exinfo->fileoffset         = 77760
[LOG] SystemI::createSoundInternal             : exinfo->numsubsounds       = 1
[LOG] SystemI::createSoundInternal             : exinfo->inclusionlist      = 000000DD2E78ED18
[LOG] SystemI::createSoundInternal             : exinfo->inclusionlistnum   = 1
[LOG] SystemI::createSoundInternal             : exinfo->suggestedsoundtype = 5
[LOG] SystemI::createSoundInternal             : exinfo->useropen           = 00007FFE4AAE5B90
[LOG] SystemI::createSoundInternal             : exinfo->userclose          = 00007FFE4AAE5B50
[LOG] SystemI::createSoundInternal             : exinfo->userread           = 00007FFE4AAE5C70
[LOG] SystemI::createSoundInternal             : exinfo->userseek           = 00007FFE4AAE5D30
[LOG] SystemI::createSoundInternal             : exinfo->fileuserdata       = 000002621E97A078
[LOG] SystemI::createSoundInternal             : exinfo->initialseekpostype = 1
[LOG] SystemI::DSPCodecPoolRegister            : register codec pool for pool type 5
[LOG] SystemI::createSoundInternal             : Sample 0/1: name='Raider_death_Male_02', format=5, channels=2, frequency=48000, lengthbytes=5312, lengthpcm=22640, pcmblocksize=0, loopstart=0, loopend=0, mode=0x00000000, channelmask=0x00000000, channelorder=0, peakvolume=0.778252.
[LOG] SystemI::createSoundInternal             : Create name='', mode=0x02000202
[LOG] SystemI::createSoundInternal             : exinfo->cbsize             = 224
[LOG] SystemI::createSoundInternal             : exinfo->length             = 5328160
[LOG] SystemI::createSoundInternal             : exinfo->fileoffset         = 77760
[LOG] SystemI::createSoundInternal             : exinfo->numsubsounds       = 1
[LOG] SystemI::createSoundInternal             : exinfo->inclusionlist      = 000000DD2E78ED18
[LOG] SystemI::createSoundInternal             : exinfo->inclusionlistnum   = 1
[LOG] SystemI::createSoundInternal             : exinfo->suggestedsoundtype = 5
[LOG] SystemI::createSoundInternal             : exinfo->useropen           = 00007FFE4AAE5B90
[LOG] SystemI::createSoundInternal             : exinfo->userclose          = 00007FFE4AAE5B50
[LOG] SystemI::createSoundInternal             : exinfo->userread           = 00007FFE4AAE5C70
[LOG] SystemI::createSoundInternal             : exinfo->userseek           = 00007FFE4AAE5D30
[LOG] SystemI::createSoundInternal             : exinfo->fileuserdata       = 000002621E97A078
[LOG] SystemI::createSoundInternal             : exinfo->initialseekpostype = 1
[LOG] SystemI::DSPCodecPoolRegister            : register codec pool for pool type 5
[LOG] SystemI::createSoundInternal             : Sample 0/1: name='Raider_death_Male_04', format=5, channels=2, frequency=48000, lengthbytes=5440, lengthpcm=22973, pcmblocksize=0, loopstart=0, loopend=0, mode=0x00000000, channelmask=0x00000000, channelorder=0, peakvolume=0.884710.
[LOG] SystemI::createSoundInternal             : Create name='', mode=0x02000202
[LOG] SystemI::createSoundInternal             : exinfo->cbsize             = 224
[LOG] SystemI::createSoundInternal             : exinfo->length             = 5328160
[LOG] SystemI::createSoundInternal             : exinfo->fileoffset         = 77760
[LOG] SystemI::createSoundInternal             : exinfo->numsubsounds       = 1
[LOG] SystemI::createSoundInternal             : exinfo->inclusionlist      = 000000DD2E78ED18
[LOG] SystemI::createSoundInternal             : exinfo->inclusionlistnum   = 1
[LOG] SystemI::createSoundInternal             : exinfo->suggestedsoundtype = 5
[LOG] SystemI::createSoundInternal             : exinfo->useropen           = 00007FFE4AAE5B90
[LOG] SystemI::createSoundInternal             : exinfo->userclose          = 00007FFE4AAE5B50
[LOG] SystemI::createSoundInternal             : exinfo->userread           = 00007FFE4AAE5C70
[LOG] SystemI::createSoundInternal             : exinfo->userseek           = 00007FFE4AAE5D30
[LOG] SystemI::createSoundInternal             : exinfo->fileuserdata       = 000002621E97A078
[LOG] SystemI::createSoundInternal             : exinfo->initialseekpostype = 1
[LOG] SystemI::DSPCodecPoolRegister            : register codec pool for pool type 5
[LOG] SystemI::createSoundInternal             : Sample 0/1: name='Raider_death_Male_01', format=5, channels=2, frequency=48000, lengthbytes=8384, lengthpcm=34766, pcmblocksize=0, loopstart=0, loopend=0, mode=0x00000000, channelmask=0x00000000, channelorder=0, peakvolume=0.871178.
[LOG] SystemI::createSoundInternal             : Create name='', mode=0x02000202
[LOG] SystemI::createSoundInternal             : exinfo->cbsize             = 224
[LOG] SystemI::createSoundInternal             : exinfo->length             = 5328160
[LOG] SystemI::createSoundInternal             : exinfo->fileoffset         = 77760
[LOG] SystemI::createSoundInternal             : exinfo->numsubsounds       = 1
[LOG] SystemI::createSoundInternal             : exinfo->inclusionlist      = 000000DD2E78ED18
[LOG] SystemI::createSoundInternal             : exinfo->inclusionlistnum   = 1
[LOG] SystemI::createSoundInternal             : exinfo->suggestedsoundtype = 5
[LOG] SystemI::createSoundInternal             : exinfo->useropen           = 00007FFE4AAE5B90
[LOG] SystemI::createSoundInternal             : exinfo->userclose          = 00007FFE4AAE5B50
[LOG] SystemI::createSoundInternal             : exinfo->userread           = 00007FFE4AAE5C70
[LOG] SystemI::createSoundInternal             : exinfo->userseek           = 00007FFE4AAE5D30
[LOG] SystemI::createSoundInternal             : exinfo->fileuserdata       = 000002621E97A078
[LOG] SystemI::createSoundInternal             : exinfo->initialseekpostype = 1
[LOG] SystemI::DSPCodecPoolRegister            : register codec pool for pool type 5
[LOG] SystemI::createSoundInternal             : Sample 0/1: name='Sword_Attack_03', format=5, channels=2, frequency=48000, lengthbytes=3168, lengthpcm=15360, pcmblocksize=0, loopstart=0, loopend=0, mode=0x00000000, channelmask=0x00000000, channelorder=0, peakvolume=0.946583.
[LOG] SystemI::createSoundInternal             : Create name='', mode=0x02000202
[LOG] SystemI::createSoundInternal             : exinfo->cbsize             = 224
[LOG] SystemI::createSoundInternal             : exinfo->length             = 5328160
[LOG] SystemI::createSoundInternal             : exinfo->fileoffset         = 77760
[LOG] SystemI::createSoundInternal             : exinfo->numsubsounds       = 1
[LOG] SystemI::createSoundInternal             : exinfo->inclusionlist      = 000000DD2E78ED18
[LOG] SystemI::createSoundInternal             : exinfo->inclusionlistnum   = 1
[LOG] SystemI::createSoundInternal             : exinfo->suggestedsoundtype = 5
[LOG] SystemI::createSoundInternal             : exinfo->useropen           = 00007FFE4AAE5B90
[LOG] SystemI::createSoundInternal             : exinfo->userclose          = 00007FFE4AAE5B50
[LOG] SystemI::createSoundInternal             : exinfo->userread           = 00007FFE4AAE5C70
[LOG] SystemI::createSoundInternal             : exinfo->userseek           = 00007FFE4AAE5D30
[LOG] SystemI::createSoundInternal             : exinfo->fileuserdata       = 000002621E97A078
[LOG] SystemI::createSoundInternal             : exinfo->initialseekpostype = 1
[LOG] SystemI::DSPCodecPoolRegister            : register codec pool for pool type 5
[LOG] SystemI::createSoundInternal             : Sample 0/1: name='Sword_Attack_04', format=5, channels=2, frequency=48000, lengthbytes=2720, lengthpcm=11286, pcmblocksize=0, loopstart=0, loopend=0, mode=0x00000000, channelmask=0x00000000, channelorder=0, peakvolume=0.941427.
[LOG] SystemI::createSoundInternal             : Create name='', mode=0x02000202
[LOG] SystemI::createSoundInternal             : exinfo->cbsize             = 224
[LOG] SystemI::createSoundInternal             : exinfo->length             = 5328160
[LOG] SystemI::createSoundInternal             : exinfo->fileoffset         = 77760
[LOG] SystemI::createSoundInternal             : exinfo->numsubsounds       = 1
[LOG] SystemI::createSoundInternal             : exinfo->inclusionlist      = 000000DD2E78ED18
[LOG] SystemI::createSoundInternal             : exinfo->inclusionlistnum   = 1
[LOG] SystemI::createSoundInternal             : exinfo->suggestedsoundtype = 5
[LOG] SystemI::createSoundInternal             : exinfo->useropen           = 00007FFE4AAE5B90
[LOG] SystemI::createSoundInternal             : exinfo->userclose          = 00007FFE4AAE5B50
[LOG] SystemI::createSoundInternal             : exinfo->userread           = 00007FFE4AAE5C70
[LOG] SystemI::createSoundInternal             : exinfo->userseek           = 00007FFE4AAE5D30
[LOG] SystemI::createSoundInternal             : exinfo->fileuserdata       = 000002621E97A078
[LOG] SystemI::createSoundInternal             : exinfo->initialseekpostype = 1
[LOG] SystemI::DSPCodecPoolRegister            : register codec pool for pool type 5
[LOG] SystemI::createSoundInternal             : Sample 0/1: name='Sword_Attack_01', format=5, channels=2, frequency=48000, lengthbytes=2112, lengthpcm=10240, pcmblocksize=0, loopstart=0, loopend=0, mode=0x00000000, channelmask=0x00000000, channelorder=0, peakvolume=0.931562.
[LOG] SystemI::createSoundInternal             : Create name='', mode=0x02000202
[LOG] SystemI::createSoundInternal             : exinfo->cbsize             = 224
[LOG] SystemI::createSoundInternal             : exinfo->length             = 5328160
[LOG] SystemI::createSoundInternal             : exinfo->fileoffset         = 77760
[LOG] SystemI::createSoundInternal             : exinfo->numsubsounds       = 1
[LOG] SystemI::createSoundInternal             : exinfo->inclusionlist      = 000000DD2E78ED18
[LOG] SystemI::createSoundInternal             : exinfo->inclusionlistnum   = 1
[LOG] SystemI::createSoundInternal             : exinfo->suggestedsoundtype = 5
[LOG] SystemI::createSoundInternal             : exinfo->useropen           = 00007FFE4AAE5B90
[LOG] SystemI::createSoundInternal             : exinfo->userclose          = 00007FFE4AAE5B50
[LOG] SystemI::createSoundInternal             : exinfo->userread           = 00007FFE4AAE5C70
[LOG] SystemI::createSoundInternal             : exinfo->userseek           = 00007FFE4AAE5D30
[LOG] SystemI::createSoundInternal             : exinfo->fileuserdata       = 000002621E97A078
[LOG] SystemI::createSoundInternal             : exinfo->initialseekpostype = 1
[LOG] SystemI::DSPCodecPoolRegister            : register codec pool for pool type 5
[LOG] SystemI::createSoundInternal             : Sample 0/1: name='Sword_Attack_02', format=5, channels=2, frequency=48000, lengthbytes=1856, lengthpcm=9216, pcmblocksize=0, loopstart=0, loopend=0, mode=0x00000000, channelmask=0x00000000, channelorder=0, peakvolume=0.854431.
[LOG] SystemI::createSoundInternal             : Create name='', mode=0x02000202
[LOG] SystemI::createSoundInternal             : exinfo->cbsize             = 224
[LOG] SystemI::createSoundInternal             : exinfo->length             = 5328160
[LOG] SystemI::createSoundInternal             : exinfo->fileoffset         = 77760
[LOG] SystemI::createSoundInternal             : exinfo->numsubsounds       = 1
[LOG] SystemI::createSoundInternal             : exinfo->inclusionlist      = 000000DD2E78ED18
[LOG] SystemI::createSoundInternal             : exinfo->inclusionlistnum   = 1
[LOG] SystemI::createSoundInternal             : exinfo->suggestedsoundtype = 5
[LOG] SystemI::createSoundInternal             : exinfo->useropen           = 00007FFE4AAE5B90
[LOG] SystemI::createSoundInternal             : exinfo->userclose          = 00007FFE4AAE5B50
[LOG] SystemI::createSoundInternal             : exinfo->userread           = 00007FFE4AAE5C70
[LOG] SystemI::createSoundInternal             : exinfo->userseek           = 00007FFE4AAE5D30
[LOG] SystemI::createSoundInternal             : exinfo->fileuserdata       = 000002621E97A078
[LOG] SystemI::createSoundInternal             : exinfo->initialseekpostype = 1
[LOG] SystemI::DSPCodecPoolRegister            : register codec pool for pool type 5
[LOG] SystemI::createSoundInternal             : Sample 0/1: name='Ninja_Attack_1', format=5, channels=2, frequency=48000, lengthbytes=6688, lengthpcm=21248, pcmblocksize=0, loopstart=0, loopend=0, mode=0x00000000, channelmask=0x00000000, channelorder=0, peakvolume=0.986894.
[LOG] SystemI::createSoundInternal             : Create name='', mode=0x02000202
[LOG] SystemI::createSoundInternal             : exinfo->cbsize             = 224
[LOG] SystemI::createSoundInternal             : exinfo->length             = 5328160
[LOG] SystemI::createSoundInternal             : exinfo->fileoffset         = 77760
[LOG] SystemI::createSoundInternal             : exinfo->numsubsounds       = 1
[LOG] SystemI::createSoundInternal             : exinfo->inclusionlist      = 000000DD2E78ED18
[LOG] SystemI::createSoundInternal             : exinfo->inclusionlistnum   = 1
[LOG] SystemI::createSoundInternal             : exinfo->suggestedsoundtype = 5
[LOG] SystemI::createSoundInternal             : exinfo->useropen           = 00007FFE4AAE5B90
[LOG] SystemI::createSoundInternal             : exinfo->userclose          = 00007FFE4AAE5B50
[LOG] SystemI::createSoundInternal             : exinfo->userread           = 00007FFE4AAE5C70
[LOG] SystemI::createSoundInternal             : exinfo->userseek           = 00007FFE4AAE5D30
[LOG] SystemI::createSoundInternal             : exinfo->fileuserdata       = 000002621E97A078
[LOG] SystemI::createSoundInternal             : exinfo->initialseekpostype = 1
[LOG] SystemI::DSPCodecPoolRegister            : register codec pool for pool type 5
[LOG] SystemI::createSoundInternal             : Sample 0/1: name='Ninja_Attack_4', format=5, channels=2, frequency=48000, lengthbytes=7424, lengthpcm=23058, pcmblocksize=0, loopstart=0, loopend=0, mode=0x00000000, channelmask=0x00000000, channelorder=0, peakvolume=0.393047.
[LOG] SystemI::createSoundInternal             : Create name='', mode=0x02000202
[LOG] SystemI::createSoundInternal             : exinfo->cbsize             = 224
[LOG] SystemI::createSoundInternal             : exinfo->length             = 5328160
[LOG] SystemI::createSoundInternal             : exinfo->fileoffset         = 77760
[LOG] SystemI::createSoundInternal             : exinfo->numsubsounds       = 1
[LOG] SystemI::createSoundInternal             : exinfo->inclusionlist      = 000000DD2E78ED18
[LOG] SystemI::createSoundInternal             : exinfo->inclusionlistnum   = 1
[LOG] SystemI::createSoundInternal             : exinfo->suggestedsoundtype = 5
[LOG] SystemI::createSoundInternal             : exinfo->useropen           = 00007FFE4AAE5B90
[LOG] SystemI::createSoundInternal             : exinfo->userclose          = 00007FFE4AAE5B50
[LOG] SystemI::createSoundInternal             : exinfo->userread           = 00007FFE4AAE5C70
[LOG] SystemI::createSoundInternal             : exinfo->userseek           = 00007FFE4AAE5D30
[LOG] SystemI::createSoundInternal             : exinfo->fileuserdata       = 000002621E97A078
[LOG] SystemI::createSoundInternal             : exinfo->initialseekpostype = 1
[LOG] SystemI::DSPCodecPoolRegister            : register codec pool for pool type 5
[LOG] SystemI::createSoundInternal             : Sample 0/1: name='Ninja_Attack_2', format=5, channels=2, frequency=48000, lengthbytes=6240, lengthpcm=23513, pcmblocksize=0, loopstart=0, loopend=0, mode=0x00000000, channelmask=0x00000000, channelorder=0, peakvolume=0.366903.
[LOG] SystemI::createSoundInternal             : Create name='', mode=0x02000202
[LOG] SystemI::createSoundInternal             : exinfo->cbsize             = 224
[LOG] SystemI::createSoundInternal             : exinfo->length             = 5328160
[LOG] SystemI::createSoundInternal             : exinfo->fileoffset         = 77760
[LOG] SystemI::createSoundInternal             : exinfo->numsubsounds       = 1
[LOG] SystemI::createSoundInternal             : exinfo->inclusionlist      = 000000DD2E78ED18
[LOG] SystemI::createSoundInternal             : exinfo->inclusionlistnum   = 1
[LOG] SystemI::createSoundInternal             : exinfo->suggestedsoundtype = 5
[LOG] SystemI::createSoundInternal             : exinfo->useropen           = 00007FFE4AAE5B90
[LOG] SystemI::createSoundInternal             : exinfo->userclose          = 00007FFE4AAE5B50
[LOG] SystemI::createSoundInternal             : exinfo->userread           = 00007FFE4AAE5C70
[LOG] SystemI::createSoundInternal             : exinfo->userseek           = 00007FFE4AAE5D30
[LOG] SystemI::createSoundInternal             : exinfo->fileuserdata       = 000002621E97A078
[LOG] SystemI::createSoundInternal             : exinfo->initialseekpostype = 1
[LOG] SystemI::DSPCodecPoolRegister            : register codec pool for pool type 5
[LOG] SystemI::createSoundInternal             : Sample 0/1: name='Ninja_Attack_5', format=5, channels=2, frequency=48000, lengthbytes=6816, lengthpcm=24971, pcmblocksize=0, loopstart=0, loopend=0, mode=0x00000000, channelmask=0x00000000, channelorder=0, peakvolume=1.000000.
[LOG] SystemI::createSoundInternal             : Create name='', mode=0x02000202
[LOG] SystemI::createSoundInternal             : exinfo->cbsize             = 224
[LOG] SystemI::createSoundInternal             : exinfo->length             = 5328160
[LOG] SystemI::createSoundInternal             : exinfo->fileoffset         = 77760
[LOG] SystemI::createSoundInternal             : exinfo->numsubsounds       = 1
[LOG] SystemI::createSoundInternal             : exinfo->inclusionlist      = 000000DD2E78ED18
[LOG] SystemI::createSoundInternal             : exinfo->inclusionlistnum   = 1
[LOG] SystemI::createSoundInternal             : exinfo->suggestedsoundtype = 5
[LOG] SystemI::createSoundInternal             : exinfo->useropen           = 00007FFE4AAE5B90
[LOG] SystemI::createSoundInternal             : exinfo->userclose          = 00007FFE4AAE5B50
[LOG] SystemI::createSoundInternal             : exinfo->userread           = 00007FFE4AAE5C70
[LOG] SystemI::createSoundInternal             : exinfo->userseek           = 00007FFE4AAE5D30
[LOG] SystemI::createSoundInternal             : exinfo->fileuserdata       = 000002621E97A078
[LOG] SystemI::createSoundInternal             : exinfo->initialseekpostype = 1
[LOG] SystemI::DSPCodecPoolRegister            : register codec pool for pool type 5
[LOG] SystemI::createSoundInternal             : Sample 0/1: name='Ninja_Attack_3', format=5, channels=2, frequency=48000, lengthbytes=7328, lengthpcm=22495, pcmblocksize=0, loopstart=0, loopend=0, mode=0x00000000, channelmask=0x00000000, channelorder=0, peakvolume=0.335169.
[LOG] SystemI::createSoundInternal             : Create name='', mode=0x02000202
[LOG] SystemI::createSoundInternal             : exinfo->cbsize             = 224
[LOG] SystemI::createSoundInternal             : exinfo->length             = 5328160
[LOG] SystemI::createSoundInternal             : exinfo->fileoffset         = 77760
[LOG] SystemI::createSoundInternal             : exinfo->numsubsounds       = 1
[LOG] SystemI::createSoundInternal             : exinfo->inclusionlist      = 000000DD2E78ED18
[LOG] SystemI::createSoundInternal             : exinfo->inclusionlistnum   = 1
[LOG] SystemI::createSoundInternal             : exinfo->suggestedsoundtype = 5
[LOG] SystemI::createSoundInternal             : exinfo->useropen           = 00007FFE4AAE5B90
[LOG] SystemI::createSoundInternal             : exinfo->userclose          = 00007FFE4AAE5B50
[LOG] SystemI::createSoundInternal             : exinfo->userread           = 00007FFE4AAE5C70
[LOG] SystemI::createSoundInternal             : exinfo->userseek           = 00007FFE4AAE5D30
[LOG] SystemI::createSoundInternal             : exinfo->fileuserdata       = 000002621E97A078
[LOG] SystemI::createSoundInternal             : exinfo->initialseekpostype = 1
[LOG] SystemI::DSPCodecPoolRegister            : register codec pool for pool type 5
[LOG] SystemI::createSoundInternal             : Sample 0/1: name='Purple_Attack_04', format=5, channels=2, frequency=48000, lengthbytes=3264, lengthpcm=10368, pcmblocksize=0, loopstart=0, loopend=0, mode=0x00000000, channelmask=0x00000000, channelorder=0, peakvolume=0.514556.
[LOG] SystemI::createSoundInternal             : Create name='', mode=0x02000202
[LOG] SystemI::createSoundInternal             : exinfo->cbsize             = 224
[LOG] SystemI::createSoundInternal             : exinfo->length             = 5328160
[LOG] SystemI::createSoundInternal             : exinfo->fileoffset         = 77760
[LOG] SystemI::createSoundInternal             : exinfo->numsubsounds       = 1
[LOG] SystemI::createSoundInternal             : exinfo->inclusionlist      = 000000DD2E78ED18
[LOG] SystemI::createSoundInternal             : exinfo->inclusionlistnum   = 1
[LOG] SystemI::createSoundInternal             : exinfo->suggestedsoundtype = 5
[LOG] SystemI::createSoundInternal             : exinfo->useropen           = 00007FFE4AAE5B90
[LOG] SystemI::createSoundInternal             : exinfo->userclose          = 00007FFE4AAE5B50
[LOG] SystemI::createSoundInternal             : exinfo->userread           = 00007FFE4AAE5C70
[LOG] SystemI::createSoundInternal             : exinfo->userseek           = 00007FFE4AAE5D30
[LOG] SystemI::createSoundInternal             : exinfo->fileuserdata       = 000002621E97A078
[LOG] SystemI::createSoundInternal             : exinfo->initialseekpostype = 1
[LOG] SystemI::DSPCodecPoolRegister            : register codec pool for pool type 5
[LOG] SystemI::createSoundInternal             : Sample 0/1: name='Purple_Attack_06', format=5, channels=2, frequency=48000, lengthbytes=2816, lengthpcm=8960, pcmblocksize=0, loopstart=0, loopend=0, mode=0x00000000, channelmask=0x00000000, channelorder=0, peakvolume=0.421570.
[LOG] SystemI::createSoundInternal             : Create name='', mode=0x02000202
[LOG] SystemI::createSoundInternal             : exinfo->cbsize             = 224
[LOG] SystemI::createSoundInternal             : exinfo->length             = 5328160
[LOG] SystemI::createSoundInternal             : exinfo->fileoffset         = 77760
[LOG] SystemI::createSoundInternal             : exinfo->numsubsounds       = 1
[LOG] SystemI::createSoundInternal             : exinfo->inclusionlist      = 000000DD2E78ED18
[LOG] SystemI::createSoundInternal             : exinfo->inclusionlistnum   = 1
[LOG] SystemI::createSoundInternal             : exinfo->suggestedsoundtype = 5
[LOG] SystemI::createSoundInternal             : exinfo->useropen           = 00007FFE4AAE5B90
[LOG] SystemI::createSoundInternal             : exinfo->userclose          = 00007FFE4AAE5B50
[LOG] SystemI::createSoundInternal             : exinfo->userread           = 00007FFE4AAE5C70
[LOG] SystemI::createSoundInternal             : exinfo->userseek           = 00007FFE4AAE5D30
[LOG] SystemI::createSoundInternal             : exinfo->fileuserdata       = 000002621E97A078
[LOG] SystemI::createSoundInternal             : exinfo->initialseekpostype = 1
[LOG] SystemI::DSPCodecPoolRegister            : register codec pool for pool type 5
[LOG] SystemI::createSoundInternal             : Sample 0/1: name='Purple_Attack_01', format=5, channels=2, frequency=48000, lengthbytes=2880, lengthpcm=9984, pcmblocksize=0, loopstart=0, loopend=0, mode=0x00000000, channelmask=0x00000000, channelorder=0, peakvolume=0.513007.
[LOG] SystemI::createSoundInternal             : Create name='', mode=0x02000202
[LOG] SystemI::createSoundInternal             : exinfo->cbsize             = 224
[LOG] SystemI::createSoundInternal             : exinfo->length             = 5328160
[LOG] SystemI::createSoundInternal             : exinfo->fileoffset         = 77760
[LOG] SystemI::createSoundInternal             : exinfo->numsubsounds       = 1
[LOG] SystemI::createSoundInternal             : exinfo->inclusionlist      = 000000DD2E78ED18
[LOG] SystemI::createSoundInternal             : exinfo->inclusionlistnum   = 1
[LOG] SystemI::createSoundInternal             : exinfo->suggestedsoundtype = 5
[LOG] SystemI::createSoundInternal             : exinfo->useropen           = 00007FFE4AAE5B90
[LOG] SystemI::createSoundInternal             : exinfo->userclose          = 00007FFE4AAE5B50
[LOG] SystemI::createSoundInternal             : exinfo->userread           = 00007FFE4AAE5C70
[LOG] SystemI::createSoundInternal             : exinfo->userseek           = 00007FFE4AAE5D30
[LOG] SystemI::createSoundInternal             : exinfo->fileuserdata       = 000002621E97A078
[LOG] SystemI::createSoundInternal             : exinfo->initialseekpostype = 1
[LOG] SystemI::DSPCodecPoolRegister            : register codec pool for pool type 5
[LOG] SystemI::createSoundInternal             : Sample 0/1: name='Purple_Attack_03', format=5, channels=2, frequency=48000, lengthbytes=3168, lengthpcm=10816, pcmblocksize=0, loopstart=0, loopend=0, mode=0x00000000, channelmask=0x00000000, channelorder=0, peakvolume=0.505111.
[LOG] SystemI::createSoundInternal             : Create name='', mode=0x02000202
[LOG] SystemI::createSoundInternal             : exinfo->cbsize             = 224
[LOG] SystemI::createSoundInternal             : exinfo->length             = 5328160
[LOG] SystemI::createSoundInternal             : exinfo->fileoffset         = 77760
[LOG] SystemI::createSoundInternal             : exinfo->numsubsounds       = 1
[LOG] SystemI::createSoundInternal             : exinfo->inclusionlist      = 000000DD2E78ED18
[LOG] SystemI::createSoundInternal             : exinfo->inclusionlistnum   = 1
[LOG] SystemI::createSoundInternal             : exinfo->suggestedsoundtype = 5
[LOG] SystemI::createSoundInternal             : exinfo->useropen           = 00007FFE4AAE5B90
[LOG] SystemI::createSoundInternal             : exinfo->userclose          = 00007FFE4AAE5B50
[LOG] SystemI::createSoundInternal             : exinfo->userread           = 00007FFE4AAE5C70
[LOG] SystemI::createSoundInternal             : exinfo->userseek           = 00007FFE4AAE5D30
[LOG] SystemI::createSoundInternal             : exinfo->fileuserdata       = 000002621E97A078
[LOG] SystemI::createSoundInternal             : exinfo->initialseekpostype = 1
[LOG] SystemI::DSPCodecPoolRegister            : register codec pool for pool type 5
[LOG] SystemI::createSoundInternal             : Sample 0/1: name='Purple_Attack_02', format=5, channels=2, frequency=48000, lengthbytes=3232, lengthpcm=11008, pcmblocksize=0, loopstart=0, loopend=0, mode=0x00000000, channelmask=0x00000000, channelorder=0, peakvolume=0.854502.
[LOG] SystemI::createSoundInternal             : Create name='', mode=0x02000202
[LOG] SystemI::createSoundInternal             : exinfo->cbsize             = 224
[LOG] SystemI::createSoundInternal             : exinfo->length             = 5328160
[LOG] SystemI::createSoundInternal             : exinfo->fileoffset         = 77760
[LOG] SystemI::createSoundInternal             : exinfo->numsubsounds       = 1
[LOG] SystemI::createSoundInternal             : exinfo->inclusionlist      = 000000DD2E78ED18
[LOG] SystemI::createSoundInternal             : exinfo->inclusionlistnum   = 1
[LOG] SystemI::createSoundInternal             : exinfo->suggestedsoundtype = 5
[LOG] SystemI::createSoundInternal             : exinfo->useropen           = 00007FFE4AAE5B90
[LOG] SystemI::createSoundInternal             : exinfo->userclose          = 00007FFE4AAE5B50
[LOG] SystemI::createSoundInternal             : exinfo->userread           = 00007FFE4AAE5C70
[LOG] SystemI::createSoundInternal             : exinfo->userseek           = 00007FFE4AAE5D30
[LOG] SystemI::createSoundInternal             : exinfo->fileuserdata       = 000002621E97A078
[LOG] SystemI::createSoundInternal             : exinfo->initialseekpostype = 1
[LOG] SystemI::DSPCodecPoolRegister            : register codec pool for pool type 5
[LOG] SystemI::createSoundInternal             : Sample 0/1: name='Purple_Attack_05', format=5, channels=2, frequency=48000, lengthbytes=3424, lengthpcm=12224, pcmblocksize=0, loopstart=0, loopend=0, mode=0x00000000, channelmask=0x00000000, channelorder=0, peakvolume=0.385833.
[LOG] SystemI::createSoundInternal             : Create name='', mode=0x02000202
[LOG] SystemI::createSoundInternal             : exinfo->cbsize             = 224
[LOG] SystemI::createSoundInternal             : exinfo->length             = 5328160
[LOG] SystemI::createSoundInternal             : exinfo->fileoffset         = 77760
[LOG] SystemI::createSoundInternal             : exinfo->numsubsounds       = 1
[LOG] SystemI::createSoundInternal             : exinfo->inclusionlist      = 000000DD2E78ED18
[LOG] SystemI::createSoundInternal             : exinfo->inclusionlistnum   = 1
[LOG] SystemI::createSoundInternal             : exinfo->suggestedsoundtype = 5
[LOG] SystemI::createSoundInternal             : exinfo->useropen           = 00007FFE4AAE5B90
[LOG] SystemI::createSoundInternal             : exinfo->userclose          = 00007FFE4AAE5B50
[LOG] SystemI::createSoundInternal             : exinfo->userread           = 00007FFE4AAE5C70
[LOG] SystemI::createSoundInternal             : exinfo->userseek           = 00007FFE4AAE5D30
[LOG] SystemI::createSoundInternal             : exinfo->fileuserdata       = 000002621E97A078
[LOG] SystemI::createSoundInternal             : exinfo->initialseekpostype = 1
[LOG] SystemI::DSPCodecPoolRegister            : register codec pool for pool type 5
[LOG] SystemI::createSoundInternal             : Sample 0/1: name='Blue_Attack_02', format=5, channels=2, frequency=48000, lengthbytes=4480, lengthpcm=17408, pcmblocksize=0, loopstart=0, loopend=0, mode=0x00000000, channelmask=0x00000000, channelorder=0, peakvolume=0.899285.
[LOG] SystemI::createSoundInternal             : Create name='', mode=0x02000202
[LOG] SystemI::createSoundInternal             : exinfo->cbsize             = 224
[LOG] SystemI::createSoundInternal             : exinfo->length             = 5328160
[LOG] SystemI::createSoundInternal             : exinfo->fileoffset         = 77760
[LOG] SystemI::createSoundInternal             : exinfo->numsubsounds       = 1
[LOG] SystemI::createSoundInternal             : exinfo->inclusionlist      = 000000DD2E78ED18
[LOG] SystemI::createSoundInternal             : exinfo->inclusionlistnum   = 1
[LOG] SystemI::createSoundInternal             : exinfo->suggestedsoundtype = 5
[LOG] SystemI::createSoundInternal             : exinfo->useropen           = 00007FFE4AAE5B90
[LOG] SystemI::createSoundInternal             : exinfo->userclose          = 00007FFE4AAE5B50
[LOG] SystemI::createSoundInternal             : exinfo->userread           = 00007FFE4AAE5C70
[LOG] SystemI::createSoundInternal             : exinfo->userseek           = 00007FFE4AAE5D30
[LOG] SystemI::createSoundInternal             : exinfo->fileuserdata       = 000002621E97A078
[LOG] SystemI::createSoundInternal             : exinfo->initialseekpostype = 1
[LOG] SystemI::DSPCodecPoolRegister            : register codec pool for pool type 5
[LOG] SystemI::createSoundInternal             : Sample 0/1: name='Blue_Attack_03', format=5, channels=2, frequency=48000, lengthbytes=3840, lengthpcm=13662, pcmblocksize=0, loopstart=0, loopend=0, mode=0x00000000, channelmask=0x00000000, channelorder=0, peakvolume=0.903863.
[LOG] SystemI::createSoundInternal             : Create name='', mode=0x02000202
[LOG] SystemI::createSoundInternal             : exinfo->cbsize             = 224
[LOG] SystemI::createSoundInternal             : exinfo->length             = 5328160
[LOG] SystemI::createSoundInternal             : exinfo->fileoffset         = 77760
[LOG] SystemI::createSoundInternal             : exinfo->numsubsounds       = 1
[LOG] SystemI::createSoundInternal             : exinfo->inclusionlist      = 000000DD2E78ED18
[LOG] SystemI::createSoundInternal             : exinfo->inclusionlistnum   = 1
[LOG] SystemI::createSoundInternal             : exinfo->suggestedsoundtype = 5
[LOG] SystemI::createSoundInternal             : exinfo->useropen           = 00007FFE4AAE5B90
[LOG] SystemI::createSoundInternal             : exinfo->userclose          = 00007FFE4AAE5B50
[LOG] SystemI::createSoundInternal             : exinfo->userread           = 00007FFE4AAE5C70
[LOG] SystemI::createSoundInternal             : exinfo->userseek           = 00007FFE4AAE5D30
[LOG] SystemI::createSoundInternal             : exinfo->fileuserdata       = 000002621E97A078
[LOG] SystemI::createSoundInternal             : exinfo->initialseekpostype = 1
[LOG] SystemI::DSPCodecPoolRegister            : register codec pool for pool type 5
[LOG] SystemI::createSoundInternal             : Sample 0/1: name='Blue_Attack_04', format=5, channels=2, frequency=48000, lengthbytes=3328, lengthpcm=12352, pcmblocksize=0, loopstart=0, loopend=0, mode=0x00000000, channelmask=0x00000000, channelorder=0, peakvolume=0.834124.
[LOG] SystemI::createSoundInternal             : Create name='', mode=0x02000202
[LOG] SystemI::createSoundInternal             : exinfo->cbsize             = 224
[LOG] SystemI::createSoundInternal             : exinfo->length             = 5328160
[LOG] SystemI::createSoundInternal             : exinfo->fileoffset         = 77760
[LOG] SystemI::createSoundInternal             : exinfo->numsubsounds       = 1
[LOG] SystemI::createSoundInternal             : exinfo->inclusionlist      = 000000DD2E78ED18
[LOG] SystemI::createSoundInternal             : exinfo->inclusionlistnum   = 1
[LOG] SystemI::createSoundInternal             : exinfo->suggestedsoundtype = 5
[LOG] SystemI::createSoundInternal             : exinfo->useropen           = 00007FFE4AAE5B90
[LOG] SystemI::createSoundInternal             : exinfo->userclose          = 00007FFE4AAE5B50
[LOG] SystemI::createSoundInternal             : exinfo->userread           = 00007FFE4AAE5C70
[LOG] SystemI::createSoundInternal             : exinfo->userseek           = 00007FFE4AAE5D30
[LOG] SystemI::createSoundInternal             : exinfo->fileuserdata       = 000002621E97A078
[LOG] SystemI::createSoundInternal             : exinfo->initialseekpostype = 1
[LOG] SystemI::DSPCodecPoolRegister            : register codec pool for pool type 5
[LOG] SystemI::createSoundInternal             : Sample 0/1: name='Blue_Attack_01', format=5, channels=2, frequency=48000, lengthbytes=4384, lengthpcm=19712, pcmblocksize=0, loopstart=0, loopend=0, mode=0x00000000, channelmask=0x00000000, channelorder=0, peakvolume=0.604755.
[LOG] SystemI::createSoundInternal             : Create name='', mode=0x02000202
[LOG] SystemI::createSoundInternal             : exinfo->cbsize             = 224
[LOG] SystemI::createSoundInternal             : exinfo->length             = 5328160
[LOG] SystemI::createSoundInternal             : exinfo->fileoffset         = 77760
[LOG] SystemI::createSoundInternal             : exinfo->numsubsounds       = 1
[LOG] SystemI::createSoundInternal             : exinfo->inclusionlist      = 000000DD2E78ED18
[LOG] SystemI::createSoundInternal             : exinfo->inclusionlistnum   = 1
[LOG] SystemI::createSoundInternal             : exinfo->suggestedsoundtype = 5
[LOG] SystemI::createSoundInternal             : exinfo->useropen           = 00007FFE4AAE5B90
[LOG] SystemI::createSoundInternal             : exinfo->userclose          = 00007FFE4AAE5B50
[LOG] SystemI::createSoundInternal             : exinfo->userread           = 00007FFE4AAE5C70
[LOG] SystemI::createSoundInternal             : exinfo->userseek           = 00007FFE4AAE5D30
[LOG] SystemI::createSoundInternal             : exinfo->fileuserdata       = 000002621E97A078
[LOG] SystemI::createSoundInternal             : exinfo->initialseekpostype = 1
[LOG] SystemI::DSPCodecPoolRegister            : register codec pool for pool type 5
[LOG] SystemI::createSoundInternal             : Sample 0/1: name='Raider_death_Bodyfall_01', format=5, channels=1, frequency=48000, lengthbytes=6592, lengthpcm=36780, pcmblocksize=0, loopstart=0, loopend=0, mode=0x00000000, channelmask=0x00000000, channelorder=0, peakvolume=0.901340.
[LOG] SystemI::createSoundInternal             : Create name='', mode=0x02000202
[LOG] SystemI::createSoundInternal             : exinfo->cbsize             = 224
[LOG] SystemI::createSoundInternal             : exinfo->length             = 5328160
[LOG] SystemI::createSoundInternal             : exinfo->fileoffset         = 77760
[LOG] SystemI::createSoundInternal             : exinfo->numsubsounds       = 1
[LOG] SystemI::createSoundInternal             : exinfo->inclusionlist      = 000000DD2E78ED18
[LOG] SystemI::createSoundInternal             : exinfo->inclusionlistnum   = 1
[LOG] SystemI::createSoundInternal             : exinfo->suggestedsoundtype = 5
[LOG] SystemI::createSoundInternal             : exinfo->useropen           = 00007FFE4AAE5B90
[LOG] SystemI::createSoundInternal             : exinfo->userclose          = 00007FFE4AAE5B50
[LOG] SystemI::createSoundInternal             : exinfo->userread           = 00007FFE4AAE5C70
[LOG] SystemI::createSoundInternal             : exinfo->userseek           = 00007FFE4AAE5D30
[LOG] SystemI::createSoundInternal             : exinfo->fileuserdata       = 000002621E97A078
[LOG] SystemI::createSoundInternal             : exinfo->initialseekpostype = 1
[LOG] SystemI::DSPCodecPoolRegister            : register codec pool for pool type 5
[LOG] SystemI::createSoundInternal             : Sample 0/1: name='Raider_death_Bodyfall_02', format=5, channels=1, frequency=48000, lengthbytes=6848, lengthpcm=36780, pcmblocksize=0, loopstart=0, loopend=0, mode=0x00000000, channelmask=0x00000000, channelorder=0, peakvolume=0.900321.
[LOG] SystemI::createSoundInternal             : Create name='', mode=0x02000202
[LOG] SystemI::createSoundInternal             : exinfo->cbsize             = 224
[LOG] SystemI::createSoundInternal             : exinfo->length             = 5328160
[LOG] SystemI::createSoundInternal             : exinfo->fileoffset         = 77760
[LOG] SystemI::createSoundInternal             : exinfo->numsubsounds       = 1
[LOG] SystemI::createSoundInternal             : exinfo->inclusionlist      = 000000DD2E78ED18
[LOG] SystemI::createSoundInternal             : exinfo->inclusionlistnum   = 1
[LOG] SystemI::createSoundInternal             : exinfo->suggestedsoundtype = 5
[LOG] SystemI::createSoundInternal             : exinfo->useropen           = 00007FFE4AAE5B90
[LOG] SystemI::createSoundInternal             : exinfo->userclose          = 00007FFE4AAE5B50
[LOG] SystemI::createSoundInternal             : exinfo->userread           = 00007FFE4AAE5C70
[LOG] SystemI::createSoundInternal             : exinfo->userseek           = 00007FFE4AAE5D30
[LOG] SystemI::createSoundInternal             : exinfo->fileuserdata       = 000002621E97A078
[LOG] SystemI::createSoundInternal             : exinfo->initialseekpostype = 1
[LOG] SystemI::DSPCodecPoolRegister            : register codec pool for pool type 5
[LOG] SystemI::createSoundInternal             : Sample 0/1: name='Raider_death_Bodyfall_03', format=5, channels=1, frequency=48000, lengthbytes=7200, lengthpcm=39010, pcmblocksize=0, loopstart=0, loopend=0, mode=0x00000000, channelmask=0x00000000, channelorder=0, peakvolume=0.900541.
[LOG] SoundI::release                          :  (00000262AF957638)
[LOG] SoundI::release                          :     Enemy_cavalry_Attack_01 (0000026229E59578)
[LOG] SoundI::release                          :  (00000262AF953B48)
[LOG] SoundI::release                          :     Enemy_cavalry_Attack_02 (0000026229E579D8)
[LOG] SoundI::release                          :  (00000262AF953138)
[LOG] SoundI::release                          :     Enemy_cavalry_Attack_03 (000002619D1768B8)
[LOG] SoundI::release                          :  (00000262AF957358)
[LOG] SoundI::release                          :     Bow_Attack_1 (00000262A96922E8)
[LOG] SoundI::release                          :  (00000262AF956AB8)
[LOG] SoundI::release                          :     Bow_Attack_2 (00000262A9691C68)
[LOG] SoundI::release                          :  (00000262AF9571E8)
[LOG] SoundI::release                          :     Bow_Attack_3 (00000262A9691928)
[LOG] SoundI::release                          :  (00000262AF9550D8)
[LOG] SoundI::release                          :     Bow_Attack_4 (00000262A9692628)
[LOG] SoundI::release                          :  (00000262AF9564F8)
[LOG] SoundI::release                          :     Bow_Attack_5 (00000262A9692CA8)
[LOG] SoundI::release                          :  (00000262AF956218)
[LOG] SoundI::release                          :     Bow_Attack_6 (00000262A9691FA8)
[LOG] SoundI::release                          :  (00000262AF95B298)
[LOG] SoundI::release                          :     Raider_death_Male_01 (00000262A968FF28)
[LOG] SoundI::release                          :  (00000262AF95C0F8)
[LOG] SoundI::release                          :     Raider_death_Male_02 (00000262A968D1A8)
[LOG] SoundI::release                          :  (00000262AF95AFB8)
[LOG] SoundI::release                          :     Raider_death_Male_03 (00000262A968ED48)
[LOG] SoundI::release                          :  (00000262AF95CC78)
[LOG] SoundI::release                          :     Raider_death_Male_04 (00000262A968FA48)
[LOG] SoundI::release                          :  (00000262AF95A438)
[LOG] SoundI::release                          :     Raider_death_Male_05 (00000262A96927C8)
[LOG] SoundI::release                          :  (00000262AF9532A8)
[LOG] SoundI::release                          :     Sword_Attack_01 (00000262A968EA08)
[LOG] SoundI::release                          :  (00000262AF955C58)
[LOG] SoundI::release                          :     Sword_Attack_02 (00000262A968DEA8)
[LOG] SoundI::release                          :  (00000262AF953588)
[LOG] SoundI::release                          :     Sword_Attack_03 (00000262A968C988)
[LOG] SoundI::release                          :  (00000262AF956C28)
[LOG] SoundI::release                          :     Sword_Attack_04 (00000262A968E048)
[LOG] SoundI::release                          :  (00000262AF955F38)
[LOG] SoundI::release                          :     Ninja_Attack_1 (00000262A968B608)
[LOG] SoundI::release                          :  (00000262AF952898)
[LOG] SoundI::release                          :     Ninja_Attack_2 (00000262A968DB68)
[LOG] SoundI::release                          :  (00000262AF95C998)
[LOG] SoundI::release                          :     Ninja_Attack_3 (00000262A968F088)
[LOG] SoundI::release                          :  (00000262AF9574C8)
[LOG] SoundI::release                          :     Ninja_Attack_4 (00000262A968D688)
[LOG] SoundI::release                          :  (00000262AF95BE18)
[LOG] SoundI::release                          :     Ninja_Attack_5 (00000262A968B468)
[LOG] SoundI::release                          :  (00000262AF95B408)
[LOG] SoundI::release                          :     Purple_Attack_01 (00000262A968E6C8)
[LOG] SoundI::release                          :  (00000262AF959E78)
[LOG] SoundI::release                          :     Purple_Attack_02 (00000262A968B948)
[LOG] SoundI::release                          :  (00000262AF959D08)
[LOG] SoundI::release                          :     Purple_Attack_03 (00000262A968DD08)
[LOG] SoundI::release                          :  (00000262AF95D688)
[LOG] SoundI::release                          :     Purple_Attack_04 (00000262A968F228)
[LOG] SoundI::release                          :  (00000262AF95ACD8)
[LOG] SoundI::release                          :     Purple_Attack_05 (00000262A968BAE8)
[LOG] SoundI::release                          :  (00000262AF959B98)
[LOG] SoundI::release                          :     Purple_Attack_06 (00000262A968CE68)
[LOG] SoundI::release                          :  (00000262AF959748)
[LOG] SoundI::release                          :     Blue_Attack_01 (00000262A968F8A8)
[LOG] SoundI::release                          :  (00000262AF95AB68)
[LOG] SoundI::release                          :     Blue_Attack_02 (00000262A968E868)
[LOG] SoundI::release                          :  (00000262AF95C3D8)
[LOG] SoundI::release                          :     Blue_Attack_03 (00000262A968CCC8)
[LOG] SoundI::release                          :  (00000262AF95BF88)
[LOG] SoundI::release                          :     Blue_Attack_04 (00000262A968D008)
[LOG] SoundI::release                          :  (00000262AF959A28)
[LOG] SoundI::release                          :     Raider_death_Bodyfall_01 (00000262A968C4A8)
[LOG] SoundI::release                          :  (00000262AF95DC48)
[LOG] SoundI::release                          :     Raider_death_Bodyfall_02 (00000262A968B7A8)
[LOG] SoundI::release                          :  (00000262AF95D238)
[LOG] SoundI::release                          :     Raider_death_Bodyfall_03 (00000262A9690748)
[LOG] Manager::readBank                        : fileversion = 142, compatVersion = 140 (oldest = 44, newest = 142)
[LOG] Manager::readBank                        : fileversion = 142, compatVersion = 140 (oldest = 44, newest = 142)
[LOG] Manager::readBank                        : fileversion = 142, compatVersion = 140 (oldest = 44, newest = 142)
[LOG] Manager::readBank                        : fileversion = 142, compatVersion = 140 (oldest = 44, newest = 142)
[LOG] PlaybackSystem::acquireMasterBus         : Setting master channel group format to 6
[LOG] Manager::readBank                        : fileversion = 142, compatVersion = 140 (oldest = 44, newest = 142)
[LOG] SystemI::createSoundInternal             : Create name='', mode=0x02000202
[LOG] SystemI::createSoundInternal             : exinfo->cbsize             = 224
[LOG] SystemI::createSoundInternal             : exinfo->length             = 5328160
[LOG] SystemI::createSoundInternal             : exinfo->fileoffset         = 77760
[LOG] SystemI::createSoundInternal             : exinfo->numsubsounds       = 1
[LOG] SystemI::createSoundInternal             : exinfo->inclusionlist      = 000000DD2E78ED18
[LOG] SystemI::createSoundInternal             : exinfo->inclusionlistnum   = 1
[LOG] SystemI::createSoundInternal             : exinfo->suggestedsoundtype = 5
[LOG] SystemI::createSoundInternal             : exinfo->useropen           = 00007FFE4AAE5B90
[LOG] SystemI::createSoundInternal             : exinfo->userclose          = 00007FFE4AAE5B50
[LOG] SystemI::createSoundInternal             : exinfo->userread           = 00007FFE4AAE5C70
[LOG] SystemI::createSoundInternal             : exinfo->userseek           = 00007FFE4AAE5D30
[LOG] SystemI::createSoundInternal             : exinfo->fileuserdata       = 00000263DEB40908
[LOG] SystemI::createSoundInternal             : exinfo->initialseekpostype = 1
[LOG] SystemI::DSPCodecPoolRegister            : register codec pool for pool type 5
[LOG] SystemI::createSoundInternal             : Sample 0/1: name='Enemy_cavalry_Recall', format=5, channels=2, frequency=48000, lengthbytes=35168, lengthpcm=154923, pcmblocksize=0, loopstart=0, loopend=0, mode=0x00000000, channelmask=0x00000000, channelorder=0, peakvolume=0.418640.
[LOG] SoundI::release                          :  (00000262AF95D3A8)
[LOG] SoundI::release                          :     Enemy_cavalry_Recall (0000026229E579D8)
